# JRE version: Java(TM) SE Runtime Environment (21.0.6+8) (build 21.0.6+8-LTS-188)
# Java VM: Java HotSpot(TM) 64-Bit Server VM (21.0.6+8-LTS-188, mixed mode, sharing, tiered, compressed oops, compressed class ptrs, g1 gc, windows-amd64)
GC Precious Log:
 CardTable entry size: 512
 Card Set container configuration: InlinePtr #cards 5 size 8 Array Of Cards #cards 12 size 40 Howl #buckets 4 coarsen threshold 1843 Howl Bitmap #cards 512 size 80 coarsen threshold 460 Card regions per heap region 1 cards per card region 2048
 CPUs: 4 total, 4 available
 Memory: 7877M
 Large Page Support: Disabled
 NUMA Support: Disabled
 Compressed Oops: Enabled (32-bit)
 Heap Region Size: 1M
 Heap Min Capacity: 8M
 Heap Initial Capacity: 124M
 Heap Max Capacity: 1970M
 Pre-touch: Disabled
 Parallel Workers: 4
 Concurrent Workers: 1
 Concurrent Refinement Workers: 4
 Periodic GC: Disabled
Heap:
 garbage-first heap   total 55296K, used 20989K [0x0000000084e00000, 0x0000000100000000)
  region size 1024K, 9 young (9216K), 3 survivors (3072K)
 Metaspace       used 26098K, committed 26496K, reserved 1114112K
  class space    used 3334K, committed 3520K, reserved 1048576K
GC Heap History (8 events):
Event: 0.885 GC heap before
{Heap before GC invocations=0 (full 0):
 garbage-first heap   total 126976K, used 14336K [0x0000000084e00000, 0x0000000100000000)
  region size 1024K, 13 young (13312K), 0 survivors (0K)
 Metaspace       used 3336K, committed 3520K, reserved 1114112K
  class space    used 346K, committed 448K, reserved 1048576K
}
Event: 0.892 GC heap after
{Heap after GC invocations=1 (full 0):
 garbage-first heap   total 126976K, used 6912K [0x0000000084e00000, 0x0000000100000000)
  region size 1024K, 2 young (2048K), 2 survivors (2048K)
 Metaspace       used 3336K, committed 3520K, reserved 1114112K
  class space    used 346K, committed 448K, reserved 1048576K
}
Event: 1.598 GC heap before
{Heap before GC invocations=1 (full 0):
 garbage-first heap   total 126976K, used 21248K [0x0000000084e00000, 0x0000000100000000)
  region size 1024K, 16 young (16384K), 2 survivors (2048K)
 Metaspace       used 7464K, committed 7744K, reserved 1114112K
  class space    used 884K, committed 1024K, reserved 1048576K
}
Event: 1.606 GC heap after
{Heap after GC invocations=2 (full 0):
 garbage-first heap   total 126976K, used 8452K [0x0000000084e00000, 0x0000000100000000)
  region size 1024K, 2 young (2048K), 2 survivors (2048K)
 Metaspace       used 7464K, committed 7744K, reserved 1114112K
  class space    used 884K, committed 1024K, reserved 1048576K
}
Event: 3.270 GC heap before
{Heap before GC invocations=2 (full 0):
 garbage-first heap   total 126976K, used 64772K [0x0000000084e00000, 0x0000000100000000)
  region size 1024K, 59 young (60416K), 2 survivors (2048K)
 Metaspace       used 21214K, committed 21504K, reserved 1114112K
  class space    used 2649K, committed 2816K, reserved 1048576K
}
Event: 3.281 GC heap after
{Heap after GC invocations=3 (full 0):
 garbage-first heap   total 126976K, used 14220K [0x0000000084e00000, 0x0000000100000000)
  region size 1024K, 7 young (7168K), 7 survivors (7168K)
 Metaspace       used 21214K, committed 21504K, reserved 1114112K
  class space    used 2649K, committed 2816K, reserved 1048576K
}
Event: 4.685 GC heap before
{Heap before GC invocations=4 (full 0):
 garbage-first heap   total 55296K, used 39820K [0x0000000084e00000, 0x0000000100000000)
  region size 1024K, 32 young (32768K), 7 survivors (7168K)
 Metaspace       used 24832K, committed 25088K, reserved 1114112K
  class space    used 3138K, committed 3264K, reserved 1048576K
}
Event: 4.699 GC heap after
{Heap after GC invocations=5 (full 0):
 garbage-first heap   total 55296K, used 15869K [0x0000000084e00000, 0x0000000100000000)
  region size 1024K, 3 young (3072K), 3 survivors (3072K)
 Metaspace       used 24832K, committed 25088K, reserved 1114112K
  class space    used 3138K, committed 3264K, reserved 1048576K
}

